[debug] [2026-01-09T20:09:16.708Z] ----------------------------------------------------------------------
[debug] [2026-01-09T20:09:16.710Z] Command:       C:\Program Files\nodejs\node.exe C:\Users\karti\npm-global\node_modules\firebase-tools\lib\bin\firebase.js projects:list
[debug] [2026-01-09T20:09:16.710Z] CLI Version:   15.2.0
[debug] [2026-01-09T20:09:16.710Z] Platform:      win32
[debug] [2026-01-09T20:09:16.710Z] Node Version:  v25.2.1
[debug] [2026-01-09T20:09:16.710Z] Time:          Sat Jan 10 2026 01:39:16 GMT+0530 (India Standard Time)
[debug] [2026-01-09T20:09:16.710Z] ----------------------------------------------------------------------
[debug] 
[debug] [2026-01-09T20:09:16.854Z] > command requires scopes: ["email","openid","https://www.googleapis.com/auth/cloudplatformprojects.readonly","https://www.googleapis.com/auth/firebase","https://www.googleapis.com/auth/cloud-platform"]
[debug] [2026-01-09T20:09:16.854Z] > authorizing via signed-in user (kartikeyp83@gmail.com)
[debug] [2026-01-09T20:09:16.859Z] Checked if tokens are valid: false, expires at: 1732689968561
[debug] [2026-01-09T20:09:16.859Z] Checked if tokens are valid: false, expires at: 1732689968561
[debug] [2026-01-09T20:09:16.859Z] > refreshing access token with scopes: []
[debug] [2026-01-09T20:09:16.860Z] >>> [apiv2][query] POST https://www.googleapis.com/oauth2/v3/token [none]
[debug] [2026-01-09T20:09:16.860Z] >>> [apiv2][body] POST https://www.googleapis.com/oauth2/v3/token [omitted]
[debug] [2026-01-09T20:09:17.219Z] <<< [apiv2][status] POST https://www.googleapis.com/oauth2/v3/token 400
[debug] [2026-01-09T20:09:17.219Z] <<< [apiv2][body] POST https://www.googleapis.com/oauth2/v3/token [omitted]
[debug] [2026-01-09T20:09:17.219Z] >>> [apiv2][query] GET https://firebase.googleapis.com/v1beta1/projects pageSize=1000
[debug] [2026-01-09T20:09:17.673Z] <<< [apiv2][status] GET https://firebase.googleapis.com/v1beta1/projects 401
[debug] [2026-01-09T20:09:17.673Z] <<< [apiv2][body] GET https://firebase.googleapis.com/v1beta1/projects [omitted]
[debug] [2026-01-09T20:09:17.673Z] Got a 401 Unauthenticated error for a call that required authentication. Refreshing tokens.
[debug] [2026-01-09T20:09:17.674Z] Checked if tokens are valid: false, expires at: 1732689968561
[debug] [2026-01-09T20:09:17.674Z] Checked if tokens are valid: false, expires at: 1732689968561
[debug] [2026-01-09T20:09:17.674Z] > refreshing access token with scopes: []
[debug] [2026-01-09T20:09:17.674Z] >>> [apiv2][query] POST https://www.googleapis.com/oauth2/v3/token [none]
[debug] [2026-01-09T20:09:17.674Z] >>> [apiv2][body] POST https://www.googleapis.com/oauth2/v3/token [omitted]
[debug] [2026-01-09T20:09:17.800Z] <<< [apiv2][status] POST https://www.googleapis.com/oauth2/v3/token 400
[debug] [2026-01-09T20:09:17.800Z] <<< [apiv2][body] POST https://www.googleapis.com/oauth2/v3/token [omitted]
[debug] [2026-01-09T20:09:17.800Z] Request to https://firebase.googleapis.com/v1beta1/projects?pageSize=1000 had HTTP Error: 401, Request had invalid authentication credentials. Expected OAuth 2 access token, login cookie or other valid authentication credential. See https://developers.google.com/identity/sign-in/web/devconsole-project.
[debug] [2026-01-09T20:09:17.994Z] FirebaseError: Request to https://firebase.googleapis.com/v1beta1/projects?pageSize=1000 had HTTP Error: 401, Request had invalid authentication credentials. Expected OAuth 2 access token, login cookie or other valid authentication credential. See https://developers.google.com/identity/sign-in/web/devconsole-project.
    at responseToError (C:\Users\karti\npm-global\node_modules\firebase-tools\lib\responseToError.js:53:12)
    at RetryOperation._fn (C:\Users\karti\npm-global\node_modules\firebase-tools\lib\apiv2.js:320:77)
    at process.processTicksAndRejections (node:internal/process/task_queues:103:5)
[error] 
[error] Error: Failed to list Firebase projects. See firebase-debug.log for more info.
